<?xml version="1.0" encoding="UTF-8"?>
<testng-results ignored="0" total="1" passed="1" failed="0" skipped="0">
  <reporter-output>
  </reporter-output>
  <suite started-at="2021-04-29T14:12:33 IST" name="Default suite" finished-at="2021-04-29T14:12:36 IST" duration-ms="2303">
    <groups>
    </groups>
    <test started-at="2021-04-29T14:12:33 IST" name="Default test" finished-at="2021-04-29T14:12:36 IST" duration-ms="2303">
      <class name="Day_21Excel_Apache_POI.AddSkills_Test_exportdata_to_excel_from_Ecllipse">
        <test-method signature="Addskills()[pri:0, instance:Day_21Excel_Apache_POI.AddSkills_Test_exportdata_to_excel_from_Ecllipse@130161f7]" started-at="2021-04-29T14:12:34 IST" name="Addskills" finished-at="2021-04-29T14:12:36 IST" duration-ms="2220" status="PASS">
          <reporter-output>
          </reporter-output>
        </test-method> <!-- Addskills -->
      </class> <!-- Day_21Excel_Apache_POI.AddSkills_Test_exportdata_to_excel_from_Ecllipse -->
    </test> <!-- Default test -->
  </suite> <!-- Default suite -->
</testng-results>
